<!DOCTYPE html PUBLIC "-//W3C//DTD XHTML 1.1//EN" "https://www.w3.org/TR/xhtml11/DTD/xhtml11.dtd">
<html xmlns="https://www.w3.org/1999/xhtml">
<head>
<meta http-equiv="content-type" content="text/html; charset=UTF-8"/>
<title>TestNG Report</title>
<style type="text/css">table {margin-bottom:10px;border-collapse:collapse;empty-cells:show}th,td {border:1px solid #009;padding:.25em .5em}th {vertical-align:bottom}td {vertical-align:top}table a {font-weight:bold}.stripe td {background-color: #E6EBF9}.num {text-align:right}.passedodd td {background-color: #3F3}.passedeven td {background-color: #0A0}.skippedodd td {background-color: #DDD}.skippedeven td {background-color: #CCC}.failedodd td,.attn {background-color: #F33}.failedeven td,.stripe .attn {background-color: #D00}.stacktrace {white-space:pre;font-family:monospace}.totop {font-size:85%;text-align:center;border-bottom:2px solid #000}.invisible {display:none}</style>
</head>
<body>
<table>
<tr><th>Test</th><th># Passed</th><th># Skipped</th><th># Retried</th><th># Failed</th><th>Time (ms)</th><th>Included Groups</th><th>Excluded Groups</th></tr>
<tr><th colspan="8">book-flight-module</th></tr>
<tr><td><a href="#t0">book-flight-1</a></td><td class="num">0</td><td class="num attn">5</td><td class="num">0</td><td class="num">0</td><td class="num">3,441</td><td></td><td></td></tr>
<tr class="stripe"><td><a href="#t1">book-flight-2</a></td><td class="num">0</td><td class="num attn">5</td><td class="num">0</td><td class="num">0</td><td class="num">106</td><td></td><td></td></tr>
<tr><td><a href="#t2">book-flight-3</a></td><td class="num">0</td><td class="num attn">5</td><td class="num">0</td><td class="num">0</td><td class="num">67</td><td></td><td></td></tr>
<tr class="stripe"><td><a href="#t3">book-flight-4</a></td><td class="num">0</td><td class="num attn">5</td><td class="num">0</td><td class="num">0</td><td class="num">88</td><td></td><td></td></tr>
<tr><th>Total</th><th class="num">0</th><th class="num attn">20</th><th class="num">0</th><th class="num">0</th><th class="num">3,702</th><th colspan="2"></th></tr>
</table>
<table id='summary'><thead><tr><th>Class</th><th>Method</th><th>Start</th><th>Time (ms)</th></tr></thead><tbody><tr><th colspan="4">book-flight-module</th></tr></tbody><tbody id="t0"><tr><th colspan="4">book-flight-1 &#8212; failed (configuration methods)</th></tr><tr class="failedeven"><td rowspan="1">com.newtours.tests.BookFlightTest</td><td><a href="#m0">setupDriver</a></td><td rowspan="1">1693229743339</td><td rowspan="1">3238</td></tr><tr><th colspan="4">book-flight-1 &#8212; skipped (configuration methods)</th></tr><tr class="skippedeven"><td rowspan="2">com.newtours.tests.BookFlightTest</td><td><a href="#m1">quitDriver</a></td><td rowspan="1">1693229746744</td><td rowspan="1">0</td></tr><tr class="skippedeven"><td><a href="#m2">setupParameters</a></td><td rowspan="1">1693229746603</td><td rowspan="1">0</td></tr><tr><th colspan="4">book-flight-1 &#8212; skipped</th></tr><tr class="skippedeven"><td rowspan="5">com.newtours.tests.BookFlightTest</td><td><a href="#m3">findFlightPage</a></td><td rowspan="1">1693229746728</td><td rowspan="1">0</td></tr><tr class="skippedeven"><td><a href="#m4">flightConfirmationPage</a></td><td rowspan="1">1693229746735</td><td rowspan="1">0</td></tr><tr class="skippedeven"><td><a href="#m5">flightDetailsPage</a></td><td rowspan="1">1693229746721</td><td rowspan="1">0</td></tr><tr class="skippedeven"><td><a href="#m6">registrationConfirmationPage</a></td><td rowspan="1">1693229746704</td><td rowspan="1">0</td></tr><tr class="skippedeven"><td><a href="#m7">registrationPage</a></td><td rowspan="1">1693229746678</td><td rowspan="1">0</td></tr></tbody>
<tbody id="t1"><tr><th colspan="4">book-flight-2 &#8212; failed (configuration methods)</th></tr><tr class="failedeven"><td rowspan="1">com.newtours.tests.BookFlightTest</td><td><a href="#m8">setupDriver</a></td><td rowspan="1">1693229746986</td><td rowspan="1">38</td></tr><tr><th colspan="4">book-flight-2 &#8212; skipped (configuration methods)</th></tr><tr class="skippedeven"><td rowspan="2">com.newtours.tests.BookFlightTest</td><td><a href="#m9">quitDriver</a></td><td rowspan="1">1693229747087</td><td rowspan="1">0</td></tr><tr class="skippedeven"><td><a href="#m10">setupParameters</a></td><td rowspan="1">1693229747029</td><td rowspan="1">0</td></tr><tr><th colspan="4">book-flight-2 &#8212; skipped</th></tr><tr class="skippedeven"><td rowspan="5">com.newtours.tests.BookFlightTest</td><td><a href="#m11">findFlightPage</a></td><td rowspan="1">1693229747074</td><td rowspan="1">0</td></tr><tr class="skippedeven"><td><a href="#m12">flightConfirmationPage</a></td><td rowspan="1">1693229747082</td><td rowspan="1">0</td></tr><tr class="skippedeven"><td><a href="#m13">flightDetailsPage</a></td><td rowspan="1">1693229747067</td><td rowspan="1">0</td></tr><tr class="skippedeven"><td><a href="#m14">registrationConfirmationPage</a></td><td rowspan="1">1693229747045</td><td rowspan="1">0</td></tr><tr class="skippedeven"><td><a href="#m15">registrationPage</a></td><td rowspan="1">1693229747035</td><td rowspan="1">1</td></tr></tbody>
<tbody id="t2"><tr><th colspan="4">book-flight-3 &#8212; failed (configuration methods)</th></tr><tr class="failedeven"><td rowspan="1">com.newtours.tests.BookFlightTest</td><td><a href="#m16">setupDriver</a></td><td rowspan="1">1693229747127</td><td rowspan="1">26</td></tr><tr><th colspan="4">book-flight-3 &#8212; skipped (configuration methods)</th></tr><tr class="skippedeven"><td rowspan="2">com.newtours.tests.BookFlightTest</td><td><a href="#m17">quitDriver</a></td><td rowspan="1">1693229747190</td><td rowspan="1">0</td></tr><tr class="skippedeven"><td><a href="#m18">setupParameters</a></td><td rowspan="1">1693229747158</td><td rowspan="1">0</td></tr><tr><th colspan="4">book-flight-3 &#8212; skipped</th></tr><tr class="skippedeven"><td rowspan="5">com.newtours.tests.BookFlightTest</td><td><a href="#m19">findFlightPage</a></td><td rowspan="1">1693229747182</td><td rowspan="1">0</td></tr><tr class="skippedeven"><td><a href="#m20">flightConfirmationPage</a></td><td rowspan="1">1693229747187</td><td rowspan="1">0</td></tr><tr class="skippedeven"><td><a href="#m21">flightDetailsPage</a></td><td rowspan="1">1693229747176</td><td rowspan="1">0</td></tr><tr class="skippedeven"><td><a href="#m22">registrationConfirmationPage</a></td><td rowspan="1">1693229747169</td><td rowspan="1">0</td></tr><tr class="skippedeven"><td><a href="#m23">registrationPage</a></td><td rowspan="1">1693229747161</td><td rowspan="1">0</td></tr></tbody>
<tbody id="t3"><tr><th colspan="4">book-flight-4 &#8212; failed (configuration methods)</th></tr><tr class="failedeven"><td rowspan="1">com.newtours.tests.BookFlightTest</td><td><a href="#m24">setupDriver</a></td><td rowspan="1">1693229747223</td><td rowspan="1">33</td></tr><tr><th colspan="4">book-flight-4 &#8212; skipped (configuration methods)</th></tr><tr class="skippedeven"><td rowspan="2">com.newtours.tests.BookFlightTest</td><td><a href="#m25">quitDriver</a></td><td rowspan="1">1693229747306</td><td rowspan="1">0</td></tr><tr class="skippedeven"><td><a href="#m26">setupParameters</a></td><td rowspan="1">1693229747259</td><td rowspan="1">0</td></tr><tr><th colspan="4">book-flight-4 &#8212; skipped</th></tr><tr class="skippedeven"><td rowspan="5">com.newtours.tests.BookFlightTest</td><td><a href="#m27">findFlightPage</a></td><td rowspan="1">1693229747294</td><td rowspan="1">0</td></tr><tr class="skippedeven"><td><a href="#m28">flightConfirmationPage</a></td><td rowspan="1">1693229747301</td><td rowspan="1">0</td></tr><tr class="skippedeven"><td><a href="#m29">flightDetailsPage</a></td><td rowspan="1">1693229747287</td><td rowspan="1">0</td></tr><tr class="skippedeven"><td><a href="#m30">registrationConfirmationPage</a></td><td rowspan="1">1693229747277</td><td rowspan="1">0</td></tr><tr class="skippedeven"><td><a href="#m31">registrationPage</a></td><td rowspan="1">1693229747265</td><td rowspan="1">0</td></tr></tbody>
</table>
<h2>book-flight-1</h2><h3 id="m0">com.newtours.tests.BookFlightTest#setupDriver</h3><table class="result"><tr class="param"><th>Parameter #1</th></tr><tr class="param stripe"><td>org.testng.TestRunner@109d724c</td></tr><tr><th>Exception</th></tr><tr><td><div class="stacktrace">org.openqa.selenium.SessionNotCreatedException: Could not start a new session. Unable to parse remote response: Unable to find resource, invalid path in url. 
Host info: host: &apos;LAPTOP-1QH4EF6J&apos;, ip: &apos;192.168.10.36&apos;
	at org.openqa.selenium.remote.ProtocolHandshake.createSession(ProtocolHandshake.java:126)
	at org.openqa.selenium.remote.ProtocolHandshake.createSession(ProtocolHandshake.java:96)
	at org.openqa.selenium.remote.ProtocolHandshake.createSession(ProtocolHandshake.java:68)
	at org.openqa.selenium.remote.HttpCommandExecutor.execute(HttpCommandExecutor.java:163)
	at org.openqa.selenium.remote.TracedCommandExecutor.execute(TracedCommandExecutor.java:51)
	at org.openqa.selenium.remote.RemoteWebDriver.execute(RemoteWebDriver.java:518)
	at org.openqa.selenium.remote.RemoteWebDriver.startSession(RemoteWebDriver.java:232)
	at org.openqa.selenium.remote.RemoteWebDriver.&lt;init&gt;(RemoteWebDriver.java:159)
	at org.openqa.selenium.remote.RemoteWebDriver.&lt;init&gt;(RemoteWebDriver.java:139)
	at com.tests.BaseTest.setupDriver(BaseTest.java:51)
Caused by: org.openqa.selenium.json.JsonException: Unable to parse: Unable to find resource, invalid path in url.
	at org.openqa.selenium.json.Json.toType(Json.java:62)
	at org.openqa.selenium.json.Json.toType(Json.java:55)
	at org.openqa.selenium.remote.ProtocolHandshake.createSession(ProtocolHandshake.java:122)
	... 33 more
Caused by: org.openqa.selenium.json.JsonException: Unable to determine type from: U. Last 1 characters read: U
Build info: version: &apos;4.11.0&apos;, revision: &apos;040bc5406b&apos;
System info: os.name: &apos;Windows 10&apos;, os.arch: &apos;amd64&apos;, os.version: &apos;10.0&apos;, java.version: &apos;16.0.2&apos;
Driver info: driver.version: RemoteWebDriver
	at org.openqa.selenium.json.JsonInput.peek(JsonInput.java:133)
	at org.openqa.selenium.json.JsonTypeCoercer.lambda$buildCoercer$6(JsonTypeCoercer.java:159)
	at org.openqa.selenium.json.JsonTypeCoercer.coerce(JsonTypeCoercer.java:145)
	at org.openqa.selenium.json.Json.toType(Json.java:76)
	at org.openqa.selenium.json.Json.toType(Json.java:60)
	... 35 more
... Removed 24 stack frames</div></td></tr></table><p class="totop"><a href="#summary">back to summary</a></p>
<h3 id="m1">com.newtours.tests.BookFlightTest#quitDriver</h3><table class="result"><tr><th class="invisible"/></tr></table><p class="totop"><a href="#summary">back to summary</a></p>
<h3 id="m2">com.newtours.tests.BookFlightTest#setupParameters</h3><table class="result"><tr><th class="invisible"/></tr></table><p class="totop"><a href="#summary">back to summary</a></p>
<h3 id="m3">com.newtours.tests.BookFlightTest#findFlightPage</h3><table class="result"><tr><th>Exception</th></tr><tr><td><div class="stacktrace">java.lang.Throwable: Method com.newtours.tests.BookFlightTest.findFlightPage() on instance com.newtours.tests.BookFlightTest@6caf0677 depends on not successfully finished methods 
[com.newtours.tests.BookFlightTest.flightDetailsPage() on instance com.newtours.tests.BookFlightTest@6caf0677]
	at java.base/java.util.ArrayList.forEach(ArrayList.java:1511)
... Removed 18 stack frames</div></td></tr></table><p class="totop"><a href="#summary">back to summary</a></p>
<h3 id="m4">com.newtours.tests.BookFlightTest#flightConfirmationPage</h3><table class="result"><tr><th>Exception</th></tr><tr><td><div class="stacktrace">java.lang.Throwable: Method com.newtours.tests.BookFlightTest.flightConfirmationPage() on instance com.newtours.tests.BookFlightTest@6caf0677 depends on not successfully finished methods 
[com.newtours.tests.BookFlightTest.findFlightPage() on instance com.newtours.tests.BookFlightTest@6caf0677]
	at java.base/java.util.ArrayList.forEach(ArrayList.java:1511)
... Removed 18 stack frames</div></td></tr></table><p class="totop"><a href="#summary">back to summary</a></p>
<h3 id="m5">com.newtours.tests.BookFlightTest#flightDetailsPage</h3><table class="result"><tr><th>Exception</th></tr><tr><td><div class="stacktrace">java.lang.Throwable: Method com.newtours.tests.BookFlightTest.flightDetailsPage() on instance com.newtours.tests.BookFlightTest@6caf0677 depends on not successfully finished methods 
[com.newtours.tests.BookFlightTest.registrationConfirmationPage() on instance com.newtours.tests.BookFlightTest@6caf0677]
	at java.base/java.util.ArrayList.forEach(ArrayList.java:1511)
... Removed 18 stack frames</div></td></tr></table><p class="totop"><a href="#summary">back to summary</a></p>
<h3 id="m6">com.newtours.tests.BookFlightTest#registrationConfirmationPage</h3><table class="result"><tr><th>Exception</th></tr><tr><td><div class="stacktrace">java.lang.Throwable: Method com.newtours.tests.BookFlightTest.registrationConfirmationPage() on instance com.newtours.tests.BookFlightTest@6caf0677 depends on not successfully finished methods 
[com.newtours.tests.BookFlightTest.registrationPage() on instance com.newtours.tests.BookFlightTest@6caf0677]
	at java.base/java.util.ArrayList.forEach(ArrayList.java:1511)
... Removed 18 stack frames</div></td></tr></table><p class="totop"><a href="#summary">back to summary</a></p>
<h3 id="m7">com.newtours.tests.BookFlightTest#registrationPage</h3><table class="result"><tr><th>Exception</th></tr><tr><td><div class="stacktrace">org.openqa.selenium.SessionNotCreatedException: Could not start a new session. Unable to parse remote response: Unable to find resource, invalid path in url. 
Host info: host: &apos;LAPTOP-1QH4EF6J&apos;, ip: &apos;192.168.10.36&apos;
	at org.openqa.selenium.remote.ProtocolHandshake.createSession(ProtocolHandshake.java:126)
	at org.openqa.selenium.remote.ProtocolHandshake.createSession(ProtocolHandshake.java:96)
	at org.openqa.selenium.remote.ProtocolHandshake.createSession(ProtocolHandshake.java:68)
	at org.openqa.selenium.remote.HttpCommandExecutor.execute(HttpCommandExecutor.java:163)
	at org.openqa.selenium.remote.TracedCommandExecutor.execute(TracedCommandExecutor.java:51)
	at org.openqa.selenium.remote.RemoteWebDriver.execute(RemoteWebDriver.java:518)
	at org.openqa.selenium.remote.RemoteWebDriver.startSession(RemoteWebDriver.java:232)
	at org.openqa.selenium.remote.RemoteWebDriver.&lt;init&gt;(RemoteWebDriver.java:159)
	at org.openqa.selenium.remote.RemoteWebDriver.&lt;init&gt;(RemoteWebDriver.java:139)
	at com.tests.BaseTest.setupDriver(BaseTest.java:51)
Caused by: org.openqa.selenium.json.JsonException: Unable to parse: Unable to find resource, invalid path in url.
	at org.openqa.selenium.json.Json.toType(Json.java:62)
	at org.openqa.selenium.json.Json.toType(Json.java:55)
	at org.openqa.selenium.remote.ProtocolHandshake.createSession(ProtocolHandshake.java:122)
	... 33 more
Caused by: org.openqa.selenium.json.JsonException: Unable to determine type from: U. Last 1 characters read: U
Build info: version: &apos;4.11.0&apos;, revision: &apos;040bc5406b&apos;
System info: os.name: &apos;Windows 10&apos;, os.arch: &apos;amd64&apos;, os.version: &apos;10.0&apos;, java.version: &apos;16.0.2&apos;
Driver info: driver.version: RemoteWebDriver
	at org.openqa.selenium.json.JsonInput.peek(JsonInput.java:133)
	at org.openqa.selenium.json.JsonTypeCoercer.lambda$buildCoercer$6(JsonTypeCoercer.java:159)
	at org.openqa.selenium.json.JsonTypeCoercer.coerce(JsonTypeCoercer.java:145)
	at org.openqa.selenium.json.Json.toType(Json.java:76)
	at org.openqa.selenium.json.Json.toType(Json.java:60)
	... 35 more
... Removed 24 stack frames</div></td></tr></table><p class="totop"><a href="#summary">back to summary</a></p>
<h2>book-flight-2</h2><h3 id="m8">com.newtours.tests.BookFlightTest#setupDriver</h3><table class="result"><tr class="param"><th>Parameter #1</th></tr><tr class="param stripe"><td>org.testng.TestRunner@6ee8dcd3</td></tr><tr><th>Exception</th></tr><tr><td><div class="stacktrace">org.openqa.selenium.SessionNotCreatedException: Could not start a new session. Unable to parse remote response: Unable to find resource, invalid path in url. 
Host info: host: &apos;LAPTOP-1QH4EF6J&apos;, ip: &apos;192.168.10.36&apos;
	at org.openqa.selenium.remote.ProtocolHandshake.createSession(ProtocolHandshake.java:126)
	at org.openqa.selenium.remote.ProtocolHandshake.createSession(ProtocolHandshake.java:96)
	at org.openqa.selenium.remote.ProtocolHandshake.createSession(ProtocolHandshake.java:68)
	at org.openqa.selenium.remote.HttpCommandExecutor.execute(HttpCommandExecutor.java:163)
	at org.openqa.selenium.remote.TracedCommandExecutor.execute(TracedCommandExecutor.java:51)
	at org.openqa.selenium.remote.RemoteWebDriver.execute(RemoteWebDriver.java:518)
	at org.openqa.selenium.remote.RemoteWebDriver.startSession(RemoteWebDriver.java:232)
	at org.openqa.selenium.remote.RemoteWebDriver.&lt;init&gt;(RemoteWebDriver.java:159)
	at org.openqa.selenium.remote.RemoteWebDriver.&lt;init&gt;(RemoteWebDriver.java:139)
	at com.tests.BaseTest.setupDriver(BaseTest.java:51)
Caused by: org.openqa.selenium.json.JsonException: Unable to parse: Unable to find resource, invalid path in url.
	at org.openqa.selenium.json.Json.toType(Json.java:62)
	at org.openqa.selenium.json.Json.toType(Json.java:55)
	at org.openqa.selenium.remote.ProtocolHandshake.createSession(ProtocolHandshake.java:122)
	... 33 more
Caused by: org.openqa.selenium.json.JsonException: Unable to determine type from: U. Last 1 characters read: U
Build info: version: &apos;4.11.0&apos;, revision: &apos;040bc5406b&apos;
System info: os.name: &apos;Windows 10&apos;, os.arch: &apos;amd64&apos;, os.version: &apos;10.0&apos;, java.version: &apos;16.0.2&apos;
Driver info: driver.version: RemoteWebDriver
	at org.openqa.selenium.json.JsonInput.peek(JsonInput.java:133)
	at org.openqa.selenium.json.JsonTypeCoercer.lambda$buildCoercer$6(JsonTypeCoercer.java:159)
	at org.openqa.selenium.json.JsonTypeCoercer.coerce(JsonTypeCoercer.java:145)
	at org.openqa.selenium.json.Json.toType(Json.java:76)
	at org.openqa.selenium.json.Json.toType(Json.java:60)
	... 35 more
... Removed 24 stack frames</div></td></tr></table><p class="totop"><a href="#summary">back to summary</a></p>
<h3 id="m9">com.newtours.tests.BookFlightTest#quitDriver</h3><table class="result"><tr><th class="invisible"/></tr></table><p class="totop"><a href="#summary">back to summary</a></p>
<h3 id="m10">com.newtours.tests.BookFlightTest#setupParameters</h3><table class="result"><tr><th class="invisible"/></tr></table><p class="totop"><a href="#summary">back to summary</a></p>
<h3 id="m11">com.newtours.tests.BookFlightTest#findFlightPage</h3><table class="result"><tr><th>Exception</th></tr><tr><td><div class="stacktrace">java.lang.Throwable: Method com.newtours.tests.BookFlightTest.findFlightPage() on instance com.newtours.tests.BookFlightTest@2a693f59 depends on not successfully finished methods 
[com.newtours.tests.BookFlightTest.flightDetailsPage() on instance com.newtours.tests.BookFlightTest@2a693f59]
	at java.base/java.util.ArrayList.forEach(ArrayList.java:1511)
... Removed 18 stack frames</div></td></tr></table><p class="totop"><a href="#summary">back to summary</a></p>
<h3 id="m12">com.newtours.tests.BookFlightTest#flightConfirmationPage</h3><table class="result"><tr><th>Exception</th></tr><tr><td><div class="stacktrace">java.lang.Throwable: Method com.newtours.tests.BookFlightTest.flightConfirmationPage() on instance com.newtours.tests.BookFlightTest@2a693f59 depends on not successfully finished methods 
[com.newtours.tests.BookFlightTest.findFlightPage() on instance com.newtours.tests.BookFlightTest@2a693f59]
	at java.base/java.util.ArrayList.forEach(ArrayList.java:1511)
... Removed 18 stack frames</div></td></tr></table><p class="totop"><a href="#summary">back to summary</a></p>
<h3 id="m13">com.newtours.tests.BookFlightTest#flightDetailsPage</h3><table class="result"><tr><th>Exception</th></tr><tr><td><div class="stacktrace">java.lang.Throwable: Method com.newtours.tests.BookFlightTest.flightDetailsPage() on instance com.newtours.tests.BookFlightTest@2a693f59 depends on not successfully finished methods 
[com.newtours.tests.BookFlightTest.registrationConfirmationPage() on instance com.newtours.tests.BookFlightTest@2a693f59]
	at java.base/java.util.ArrayList.forEach(ArrayList.java:1511)
... Removed 18 stack frames</div></td></tr></table><p class="totop"><a href="#summary">back to summary</a></p>
<h3 id="m14">com.newtours.tests.BookFlightTest#registrationConfirmationPage</h3><table class="result"><tr><th>Exception</th></tr><tr><td><div class="stacktrace">java.lang.Throwable: Method com.newtours.tests.BookFlightTest.registrationConfirmationPage() on instance com.newtours.tests.BookFlightTest@2a693f59 depends on not successfully finished methods 
[com.newtours.tests.BookFlightTest.registrationPage() on instance com.newtours.tests.BookFlightTest@2a693f59]
	at java.base/java.util.ArrayList.forEach(ArrayList.java:1511)
... Removed 18 stack frames</div></td></tr></table><p class="totop"><a href="#summary">back to summary</a></p>
<h3 id="m15">com.newtours.tests.BookFlightTest#registrationPage</h3><table class="result"><tr><th>Exception</th></tr><tr><td><div class="stacktrace">org.openqa.selenium.SessionNotCreatedException: Could not start a new session. Unable to parse remote response: Unable to find resource, invalid path in url. 
Host info: host: &apos;LAPTOP-1QH4EF6J&apos;, ip: &apos;192.168.10.36&apos;
	at org.openqa.selenium.remote.ProtocolHandshake.createSession(ProtocolHandshake.java:126)
	at org.openqa.selenium.remote.ProtocolHandshake.createSession(ProtocolHandshake.java:96)
	at org.openqa.selenium.remote.ProtocolHandshake.createSession(ProtocolHandshake.java:68)
	at org.openqa.selenium.remote.HttpCommandExecutor.execute(HttpCommandExecutor.java:163)
	at org.openqa.selenium.remote.TracedCommandExecutor.execute(TracedCommandExecutor.java:51)
	at org.openqa.selenium.remote.RemoteWebDriver.execute(RemoteWebDriver.java:518)
	at org.openqa.selenium.remote.RemoteWebDriver.startSession(RemoteWebDriver.java:232)
	at org.openqa.selenium.remote.RemoteWebDriver.&lt;init&gt;(RemoteWebDriver.java:159)
	at org.openqa.selenium.remote.RemoteWebDriver.&lt;init&gt;(RemoteWebDriver.java:139)
	at com.tests.BaseTest.setupDriver(BaseTest.java:51)
Caused by: org.openqa.selenium.json.JsonException: Unable to parse: Unable to find resource, invalid path in url.
	at org.openqa.selenium.json.Json.toType(Json.java:62)
	at org.openqa.selenium.json.Json.toType(Json.java:55)
	at org.openqa.selenium.remote.ProtocolHandshake.createSession(ProtocolHandshake.java:122)
	... 33 more
Caused by: org.openqa.selenium.json.JsonException: Unable to determine type from: U. Last 1 characters read: U
Build info: version: &apos;4.11.0&apos;, revision: &apos;040bc5406b&apos;
System info: os.name: &apos;Windows 10&apos;, os.arch: &apos;amd64&apos;, os.version: &apos;10.0&apos;, java.version: &apos;16.0.2&apos;
Driver info: driver.version: RemoteWebDriver
	at org.openqa.selenium.json.JsonInput.peek(JsonInput.java:133)
	at org.openqa.selenium.json.JsonTypeCoercer.lambda$buildCoercer$6(JsonTypeCoercer.java:159)
	at org.openqa.selenium.json.JsonTypeCoercer.coerce(JsonTypeCoercer.java:145)
	at org.openqa.selenium.json.Json.toType(Json.java:76)
	at org.openqa.selenium.json.Json.toType(Json.java:60)
	... 35 more
... Removed 24 stack frames</div></td></tr></table><p class="totop"><a href="#summary">back to summary</a></p>
<h2>book-flight-3</h2><h3 id="m16">com.newtours.tests.BookFlightTest#setupDriver</h3><table class="result"><tr class="param"><th>Parameter #1</th></tr><tr class="param stripe"><td>org.testng.TestRunner@3900fa71</td></tr><tr><th>Exception</th></tr><tr><td><div class="stacktrace">org.openqa.selenium.SessionNotCreatedException: Could not start a new session. Unable to parse remote response: Unable to find resource, invalid path in url. 
Host info: host: &apos;LAPTOP-1QH4EF6J&apos;, ip: &apos;192.168.10.36&apos;
	at org.openqa.selenium.remote.ProtocolHandshake.createSession(ProtocolHandshake.java:126)
	at org.openqa.selenium.remote.ProtocolHandshake.createSession(ProtocolHandshake.java:96)
	at org.openqa.selenium.remote.ProtocolHandshake.createSession(ProtocolHandshake.java:68)
	at org.openqa.selenium.remote.HttpCommandExecutor.execute(HttpCommandExecutor.java:163)
	at org.openqa.selenium.remote.TracedCommandExecutor.execute(TracedCommandExecutor.java:51)
	at org.openqa.selenium.remote.RemoteWebDriver.execute(RemoteWebDriver.java:518)
	at org.openqa.selenium.remote.RemoteWebDriver.startSession(RemoteWebDriver.java:232)
	at org.openqa.selenium.remote.RemoteWebDriver.&lt;init&gt;(RemoteWebDriver.java:159)
	at org.openqa.selenium.remote.RemoteWebDriver.&lt;init&gt;(RemoteWebDriver.java:139)
	at com.tests.BaseTest.setupDriver(BaseTest.java:51)
Caused by: org.openqa.selenium.json.JsonException: Unable to parse: Unable to find resource, invalid path in url.
	at org.openqa.selenium.json.Json.toType(Json.java:62)
	at org.openqa.selenium.json.Json.toType(Json.java:55)
	at org.openqa.selenium.remote.ProtocolHandshake.createSession(ProtocolHandshake.java:122)
	... 33 more
Caused by: org.openqa.selenium.json.JsonException: Unable to determine type from: U. Last 1 characters read: U
Build info: version: &apos;4.11.0&apos;, revision: &apos;040bc5406b&apos;
System info: os.name: &apos;Windows 10&apos;, os.arch: &apos;amd64&apos;, os.version: &apos;10.0&apos;, java.version: &apos;16.0.2&apos;
Driver info: driver.version: RemoteWebDriver
	at org.openqa.selenium.json.JsonInput.peek(JsonInput.java:133)
	at org.openqa.selenium.json.JsonTypeCoercer.lambda$buildCoercer$6(JsonTypeCoercer.java:159)
	at org.openqa.selenium.json.JsonTypeCoercer.coerce(JsonTypeCoercer.java:145)
	at org.openqa.selenium.json.Json.toType(Json.java:76)
	at org.openqa.selenium.json.Json.toType(Json.java:60)
	... 35 more
... Removed 24 stack frames</div></td></tr></table><p class="totop"><a href="#summary">back to summary</a></p>
<h3 id="m17">com.newtours.tests.BookFlightTest#quitDriver</h3><table class="result"><tr><th class="invisible"/></tr></table><p class="totop"><a href="#summary">back to summary</a></p>
<h3 id="m18">com.newtours.tests.BookFlightTest#setupParameters</h3><table class="result"><tr><th class="invisible"/></tr></table><p class="totop"><a href="#summary">back to summary</a></p>
<h3 id="m19">com.newtours.tests.BookFlightTest#findFlightPage</h3><table class="result"><tr><th>Exception</th></tr><tr><td><div class="stacktrace">java.lang.Throwable: Method com.newtours.tests.BookFlightTest.findFlightPage() on instance com.newtours.tests.BookFlightTest@7fd50002 depends on not successfully finished methods 
[com.newtours.tests.BookFlightTest.flightDetailsPage() on instance com.newtours.tests.BookFlightTest@7fd50002]
	at java.base/java.util.ArrayList.forEach(ArrayList.java:1511)
... Removed 18 stack frames</div></td></tr></table><p class="totop"><a href="#summary">back to summary</a></p>
<h3 id="m20">com.newtours.tests.BookFlightTest#flightConfirmationPage</h3><table class="result"><tr><th>Exception</th></tr><tr><td><div class="stacktrace">java.lang.Throwable: Method com.newtours.tests.BookFlightTest.flightConfirmationPage() on instance com.newtours.tests.BookFlightTest@7fd50002 depends on not successfully finished methods 
[com.newtours.tests.BookFlightTest.findFlightPage() on instance com.newtours.tests.BookFlightTest@7fd50002]
	at java.base/java.util.ArrayList.forEach(ArrayList.java:1511)
... Removed 18 stack frames</div></td></tr></table><p class="totop"><a href="#summary">back to summary</a></p>
<h3 id="m21">com.newtours.tests.BookFlightTest#flightDetailsPage</h3><table class="result"><tr><th>Exception</th></tr><tr><td><div class="stacktrace">java.lang.Throwable: Method com.newtours.tests.BookFlightTest.flightDetailsPage() on instance com.newtours.tests.BookFlightTest@7fd50002 depends on not successfully finished methods 
[com.newtours.tests.BookFlightTest.registrationConfirmationPage() on instance com.newtours.tests.BookFlightTest@7fd50002]
	at java.base/java.util.ArrayList.forEach(ArrayList.java:1511)
... Removed 18 stack frames</div></td></tr></table><p class="totop"><a href="#summary">back to summary</a></p>
<h3 id="m22">com.newtours.tests.BookFlightTest#registrationConfirmationPage</h3><table class="result"><tr><th>Exception</th></tr><tr><td><div class="stacktrace">java.lang.Throwable: Method com.newtours.tests.BookFlightTest.registrationConfirmationPage() on instance com.newtours.tests.BookFlightTest@7fd50002 depends on not successfully finished methods 
[com.newtours.tests.BookFlightTest.registrationPage() on instance com.newtours.tests.BookFlightTest@7fd50002]
	at java.base/java.util.ArrayList.forEach(ArrayList.java:1511)
... Removed 18 stack frames</div></td></tr></table><p class="totop"><a href="#summary">back to summary</a></p>
<h3 id="m23">com.newtours.tests.BookFlightTest#registrationPage</h3><table class="result"><tr><th>Exception</th></tr><tr><td><div class="stacktrace">org.openqa.selenium.SessionNotCreatedException: Could not start a new session. Unable to parse remote response: Unable to find resource, invalid path in url. 
Host info: host: &apos;LAPTOP-1QH4EF6J&apos;, ip: &apos;192.168.10.36&apos;
	at org.openqa.selenium.remote.ProtocolHandshake.createSession(ProtocolHandshake.java:126)
	at org.openqa.selenium.remote.ProtocolHandshake.createSession(ProtocolHandshake.java:96)
	at org.openqa.selenium.remote.ProtocolHandshake.createSession(ProtocolHandshake.java:68)
	at org.openqa.selenium.remote.HttpCommandExecutor.execute(HttpCommandExecutor.java:163)
	at org.openqa.selenium.remote.TracedCommandExecutor.execute(TracedCommandExecutor.java:51)
	at org.openqa.selenium.remote.RemoteWebDriver.execute(RemoteWebDriver.java:518)
	at org.openqa.selenium.remote.RemoteWebDriver.startSession(RemoteWebDriver.java:232)
	at org.openqa.selenium.remote.RemoteWebDriver.&lt;init&gt;(RemoteWebDriver.java:159)
	at org.openqa.selenium.remote.RemoteWebDriver.&lt;init&gt;(RemoteWebDriver.java:139)
	at com.tests.BaseTest.setupDriver(BaseTest.java:51)
Caused by: org.openqa.selenium.json.JsonException: Unable to parse: Unable to find resource, invalid path in url.
	at org.openqa.selenium.json.Json.toType(Json.java:62)
	at org.openqa.selenium.json.Json.toType(Json.java:55)
	at org.openqa.selenium.remote.ProtocolHandshake.createSession(ProtocolHandshake.java:122)
	... 33 more
Caused by: org.openqa.selenium.json.JsonException: Unable to determine type from: U. Last 1 characters read: U
Build info: version: &apos;4.11.0&apos;, revision: &apos;040bc5406b&apos;
System info: os.name: &apos;Windows 10&apos;, os.arch: &apos;amd64&apos;, os.version: &apos;10.0&apos;, java.version: &apos;16.0.2&apos;
Driver info: driver.version: RemoteWebDriver
	at org.openqa.selenium.json.JsonInput.peek(JsonInput.java:133)
	at org.openqa.selenium.json.JsonTypeCoercer.lambda$buildCoercer$6(JsonTypeCoercer.java:159)
	at org.openqa.selenium.json.JsonTypeCoercer.coerce(JsonTypeCoercer.java:145)
	at org.openqa.selenium.json.Json.toType(Json.java:76)
	at org.openqa.selenium.json.Json.toType(Json.java:60)
	... 35 more
... Removed 24 stack frames</div></td></tr></table><p class="totop"><a href="#summary">back to summary</a></p>
<h2>book-flight-4</h2><h3 id="m24">com.newtours.tests.BookFlightTest#setupDriver</h3><table class="result"><tr class="param"><th>Parameter #1</th></tr><tr class="param stripe"><td>org.testng.TestRunner@1431267b</td></tr><tr><th>Exception</th></tr><tr><td><div class="stacktrace">org.openqa.selenium.SessionNotCreatedException: Could not start a new session. Unable to parse remote response: Unable to find resource, invalid path in url. 
Host info: host: &apos;LAPTOP-1QH4EF6J&apos;, ip: &apos;192.168.10.36&apos;
	at org.openqa.selenium.remote.ProtocolHandshake.createSession(ProtocolHandshake.java:126)
	at org.openqa.selenium.remote.ProtocolHandshake.createSession(ProtocolHandshake.java:96)
	at org.openqa.selenium.remote.ProtocolHandshake.createSession(ProtocolHandshake.java:68)
	at org.openqa.selenium.remote.HttpCommandExecutor.execute(HttpCommandExecutor.java:163)
	at org.openqa.selenium.remote.TracedCommandExecutor.execute(TracedCommandExecutor.java:51)
	at org.openqa.selenium.remote.RemoteWebDriver.execute(RemoteWebDriver.java:518)
	at org.openqa.selenium.remote.RemoteWebDriver.startSession(RemoteWebDriver.java:232)
	at org.openqa.selenium.remote.RemoteWebDriver.&lt;init&gt;(RemoteWebDriver.java:159)
	at org.openqa.selenium.remote.RemoteWebDriver.&lt;init&gt;(RemoteWebDriver.java:139)
	at com.tests.BaseTest.setupDriver(BaseTest.java:51)
Caused by: org.openqa.selenium.json.JsonException: Unable to parse: Unable to find resource, invalid path in url.
	at org.openqa.selenium.json.Json.toType(Json.java:62)
	at org.openqa.selenium.json.Json.toType(Json.java:55)
	at org.openqa.selenium.remote.ProtocolHandshake.createSession(ProtocolHandshake.java:122)
	... 33 more
Caused by: org.openqa.selenium.json.JsonException: Unable to determine type from: U. Last 1 characters read: U
Build info: version: &apos;4.11.0&apos;, revision: &apos;040bc5406b&apos;
System info: os.name: &apos;Windows 10&apos;, os.arch: &apos;amd64&apos;, os.version: &apos;10.0&apos;, java.version: &apos;16.0.2&apos;
Driver info: driver.version: RemoteWebDriver
	at org.openqa.selenium.json.JsonInput.peek(JsonInput.java:133)
	at org.openqa.selenium.json.JsonTypeCoercer.lambda$buildCoercer$6(JsonTypeCoercer.java:159)
	at org.openqa.selenium.json.JsonTypeCoercer.coerce(JsonTypeCoercer.java:145)
	at org.openqa.selenium.json.Json.toType(Json.java:76)
	at org.openqa.selenium.json.Json.toType(Json.java:60)
	... 35 more
... Removed 24 stack frames</div></td></tr></table><p class="totop"><a href="#summary">back to summary</a></p>
<h3 id="m25">com.newtours.tests.BookFlightTest#quitDriver</h3><table class="result"><tr><th class="invisible"/></tr></table><p class="totop"><a href="#summary">back to summary</a></p>
<h3 id="m26">com.newtours.tests.BookFlightTest#setupParameters</h3><table class="result"><tr><th class="invisible"/></tr></table><p class="totop"><a href="#summary">back to summary</a></p>
<h3 id="m27">com.newtours.tests.BookFlightTest#findFlightPage</h3><table class="result"><tr><th>Exception</th></tr><tr><td><div class="stacktrace">java.lang.Throwable: Method com.newtours.tests.BookFlightTest.findFlightPage() on instance com.newtours.tests.BookFlightTest@25be7b63 depends on not successfully finished methods 
[com.newtours.tests.BookFlightTest.flightDetailsPage() on instance com.newtours.tests.BookFlightTest@25be7b63]
	at java.base/java.util.ArrayList.forEach(ArrayList.java:1511)
... Removed 18 stack frames</div></td></tr></table><p class="totop"><a href="#summary">back to summary</a></p>
<h3 id="m28">com.newtours.tests.BookFlightTest#flightConfirmationPage</h3><table class="result"><tr><th>Exception</th></tr><tr><td><div class="stacktrace">java.lang.Throwable: Method com.newtours.tests.BookFlightTest.flightConfirmationPage() on instance com.newtours.tests.BookFlightTest@25be7b63 depends on not successfully finished methods 
[com.newtours.tests.BookFlightTest.findFlightPage() on instance com.newtours.tests.BookFlightTest@25be7b63]
	at java.base/java.util.ArrayList.forEach(ArrayList.java:1511)
... Removed 18 stack frames</div></td></tr></table><p class="totop"><a href="#summary">back to summary</a></p>
<h3 id="m29">com.newtours.tests.BookFlightTest#flightDetailsPage</h3><table class="result"><tr><th>Exception</th></tr><tr><td><div class="stacktrace">java.lang.Throwable: Method com.newtours.tests.BookFlightTest.flightDetailsPage() on instance com.newtours.tests.BookFlightTest@25be7b63 depends on not successfully finished methods 
[com.newtours.tests.BookFlightTest.registrationConfirmationPage() on instance com.newtours.tests.BookFlightTest@25be7b63]
	at java.base/java.util.ArrayList.forEach(ArrayList.java:1511)
... Removed 18 stack frames</div></td></tr></table><p class="totop"><a href="#summary">back to summary</a></p>
<h3 id="m30">com.newtours.tests.BookFlightTest#registrationConfirmationPage</h3><table class="result"><tr><th>Exception</th></tr><tr><td><div class="stacktrace">java.lang.Throwable: Method com.newtours.tests.BookFlightTest.registrationConfirmationPage() on instance com.newtours.tests.BookFlightTest@25be7b63 depends on not successfully finished methods 
[com.newtours.tests.BookFlightTest.registrationPage() on instance com.newtours.tests.BookFlightTest@25be7b63]
	at java.base/java.util.ArrayList.forEach(ArrayList.java:1511)
... Removed 18 stack frames</div></td></tr></table><p class="totop"><a href="#summary">back to summary</a></p>
<h3 id="m31">com.newtours.tests.BookFlightTest#registrationPage</h3><table class="result"><tr><th>Exception</th></tr><tr><td><div class="stacktrace">org.openqa.selenium.SessionNotCreatedException: Could not start a new session. Unable to parse remote response: Unable to find resource, invalid path in url. 
Host info: host: &apos;LAPTOP-1QH4EF6J&apos;, ip: &apos;192.168.10.36&apos;
	at org.openqa.selenium.remote.ProtocolHandshake.createSession(ProtocolHandshake.java:126)
	at org.openqa.selenium.remote.ProtocolHandshake.createSession(ProtocolHandshake.java:96)
	at org.openqa.selenium.remote.ProtocolHandshake.createSession(ProtocolHandshake.java:68)
	at org.openqa.selenium.remote.HttpCommandExecutor.execute(HttpCommandExecutor.java:163)
	at org.openqa.selenium.remote.TracedCommandExecutor.execute(TracedCommandExecutor.java:51)
	at org.openqa.selenium.remote.RemoteWebDriver.execute(RemoteWebDriver.java:518)
	at org.openqa.selenium.remote.RemoteWebDriver.startSession(RemoteWebDriver.java:232)
	at org.openqa.selenium.remote.RemoteWebDriver.&lt;init&gt;(RemoteWebDriver.java:159)
	at org.openqa.selenium.remote.RemoteWebDriver.&lt;init&gt;(RemoteWebDriver.java:139)
	at com.tests.BaseTest.setupDriver(BaseTest.java:51)
Caused by: org.openqa.selenium.json.JsonException: Unable to parse: Unable to find resource, invalid path in url.
	at org.openqa.selenium.json.Json.toType(Json.java:62)
	at org.openqa.selenium.json.Json.toType(Json.java:55)
	at org.openqa.selenium.remote.ProtocolHandshake.createSession(ProtocolHandshake.java:122)
	... 33 more
Caused by: org.openqa.selenium.json.JsonException: Unable to determine type from: U. Last 1 characters read: U
Build info: version: &apos;4.11.0&apos;, revision: &apos;040bc5406b&apos;
System info: os.name: &apos;Windows 10&apos;, os.arch: &apos;amd64&apos;, os.version: &apos;10.0&apos;, java.version: &apos;16.0.2&apos;
Driver info: driver.version: RemoteWebDriver
	at org.openqa.selenium.json.JsonInput.peek(JsonInput.java:133)
	at org.openqa.selenium.json.JsonTypeCoercer.lambda$buildCoercer$6(JsonTypeCoercer.java:159)
	at org.openqa.selenium.json.JsonTypeCoercer.coerce(JsonTypeCoercer.java:145)
	at org.openqa.selenium.json.Json.toType(Json.java:76)
	at org.openqa.selenium.json.Json.toType(Json.java:60)
	... 35 more
... Removed 24 stack frames</div></td></tr></table><p class="totop"><a href="#summary">back to summary</a></p>
</body>
</html>
